TN:
SF:/Users/susi/Documents/workspace/React-Native-Workshop/Lecture-4-Network/BrandListApp/App.js
FN:12,(anonymous_0)
FN:18,(anonymous_1)
FN:23,(anonymous_2)
FN:24,(anonymous_3)
FNF:4
FNH:4
FNDA:10,(anonymous_0)
FNDA:1,(anonymous_1)
FNDA:10,(anonymous_2)
FNDA:12,(anonymous_3)
DA:13,10
DA:19,1
DA:23,10
DA:24,12
DA:31,1
LF:5
LH:5
BRF:0
BRH:0
end_of_record
TN:
SF:/Users/susi/Documents/workspace/React-Native-Workshop/Lecture-4-Network/BrandListApp/seeds.js
FNF:0
FNH:0
DA:1,1
DA:3,1
LF:2
LH:2
BRF:0
BRH:0
end_of_record
TN:
SF:/Users/susi/Documents/workspace/React-Native-Workshop/Lecture-4-Network/BrandListApp/components/ListItem.js
FN:12,(anonymous_0)
FNF:1
FNH:1
FNDA:10,(anonymous_0)
DA:13,10
DA:29,1
LF:2
LH:2
BRF:0
BRH:0
end_of_record
