{"/Users/ethanchou/ReactNative/React-Native-Workshop/Lecture-3/source-code-final/TodoListApp/App.js": {"path":"/Users/ethanchou/ReactNative/React-Native-Workshop/Lecture-3/source-code-final/TodoListApp/App.js","statementMap":{"0":{"start":{"line":8,"column":4},"end":{"line":8,"column":17}},"1":{"start":{"line":9,"column":4},"end":{"line":12,"column":6}},"2":{"start":{"line":16,"column":4},"end":{"line":16,"column":28}},"3":{"start":{"line":17,"column":4},"end":{"line":17,"column":23}},"4":{"start":{"line":18,"column":4},"end":{"line":20,"column":7}},"5":{"start":{"line":24,"column":4},"end":{"line":24,"column":50}},"6":{"start":{"line":24,"column":43},"end":{"line":24,"column":50}},"7":{"start":{"line":26,"column":4},"end":{"line":29,"column":7}},"8":{"start":{"line":33,"column":4},"end":{"line":35,"column":7}},"9":{"start":{"line":34,"column":45},"end":{"line":34,"column":65}},"10":{"start":{"line":39,"column":4},"end":{"line":42,"column":6}},"11":{"start":{"line":46,"column":4},"end":{"line":67,"column":6}},"12":{"start":{"line":50,"column":33},"end":{"line":50,"column":57}},"13":{"start":{"line":51,"column":32},"end":{"line":51,"column":42}},"14":{"start":{"line":71,"column":15},"end":{"line":85,"column":2}}},"fnMap":{"0":{"name":"(anonymous_0)","decl":{"start":{"line":7,"column":2},"end":{"line":7,"column":3}},"loc":{"start":{"line":7,"column":21},"end":{"line":13,"column":3}},"line":7},"1":{"name":"(anonymous_1)","decl":{"start":{"line":15,"column":25},"end":{"line":15,"column":26}},"loc":{"start":{"line":15,"column":34},"end":{"line":21,"column":3}},"line":15},"2":{"name":"(anonymous_2)","decl":{"start":{"line":23,"column":12},"end":{"line":23,"column":13}},"loc":{"start":{"line":23,"column":18},"end":{"line":30,"column":3}},"line":23},"3":{"name":"(anonymous_3)","decl":{"start":{"line":32,"column":15},"end":{"line":32,"column":16}},"loc":{"start":{"line":32,"column":24},"end":{"line":36,"column":3}},"line":32},"4":{"name":"(anonymous_4)","decl":{"start":{"line":34,"column":37},"end":{"line":34,"column":38}},"loc":{"start":{"line":34,"column":45},"end":{"line":34,"column":65}},"line":34},"5":{"name":"(anonymous_5)","decl":{"start":{"line":38,"column":15},"end":{"line":38,"column":16}},"loc":{"start":{"line":39,"column":4},"end":{"line":42,"column":6}},"line":39},"6":{"name":"(anonymous_6)","decl":{"start":{"line":45,"column":2},"end":{"line":45,"column":3}},"loc":{"start":{"line":45,"column":11},"end":{"line":68,"column":3}},"line":45},"7":{"name":"(anonymous_7)","decl":{"start":{"line":50,"column":22},"end":{"line":50,"column":23}},"loc":{"start":{"line":50,"column":33},"end":{"line":50,"column":57}},"line":50},"8":{"name":"(anonymous_8)","decl":{"start":{"line":51,"column":24},"end":{"line":51,"column":25}},"loc":{"start":{"line":51,"column":32},"end":{"line":51,"column":42}},"line":51}},"branchMap":{"0":{"loc":{"start":{"line":24,"column":4},"end":{"line":24,"column":50}},"type":"if","locations":[{"start":{"line":24,"column":4},"end":{"line":24,"column":50}},{"start":{"line":24,"column":4},"end":{"line":24,"column":50}}],"line":24}},"s":{"0":2,"1":2,"2":1,"3":1,"4":1,"5":0,"6":0,"7":0,"8":0,"9":0,"10":4,"11":2,"12":4,"13":4,"14":1},"f":{"0":2,"1":1,"2":0,"3":0,"4":0,"5":4,"6":2,"7":4,"8":4},"b":{"0":[0,0]},"_coverageSchema":"332fd63041d2c1bcb487cc26dd0d5f7d97098a6c","hash":"60fb4f480ab424612e771141fe5105ec1d2640d0"}
,"/Users/ethanchou/ReactNative/React-Native-Workshop/Lecture-3/source-code-final/TodoListApp/components/ListItem.js": {"path":"/Users/ethanchou/ReactNative/React-Native-Workshop/Lecture-3/source-code-final/TodoListApp/components/ListItem.js","statementMap":{"0":{"start":{"line":18,"column":4},"end":{"line":28,"column":6}},"1":{"start":{"line":25,"column":25},"end":{"line":25,"column":69}},"2":{"start":{"line":32,"column":4},"end":{"line":32,"column":52}},"3":{"start":{"line":33,"column":4},"end":{"line":46,"column":6}},"4":{"start":{"line":50,"column":15},"end":{"line":82,"column":2}}},"fnMap":{"0":{"name":"(anonymous_0)","decl":{"start":{"line":17,"column":16},"end":{"line":17,"column":17}},"loc":{"start":{"line":17,"column":22},"end":{"line":29,"column":3}},"line":17},"1":{"name":"(anonymous_1)","decl":{"start":{"line":25,"column":19},"end":{"line":25,"column":20}},"loc":{"start":{"line":25,"column":25},"end":{"line":25,"column":69}},"line":25},"2":{"name":"(anonymous_2)","decl":{"start":{"line":31,"column":2},"end":{"line":31,"column":3}},"loc":{"start":{"line":31,"column":11},"end":{"line":47,"column":3}},"line":31}},"branchMap":{"0":{"loc":{"start":{"line":39,"column":17},"end":{"line":39,"column":68}},"type":"cond-expr","locations":[{"start":{"line":39,"column":40},"end":{"line":39,"column":54}},{"start":{"line":39,"column":57},"end":{"line":39,"column":68}}],"line":39}},"s":{"0":0,"1":0,"2":4,"3":4,"4":1},"f":{"0":0,"1":0,"2":4},"b":{"0":[0,4]},"_coverageSchema":"332fd63041d2c1bcb487cc26dd0d5f7d97098a6c","hash":"af16bb5ba70cf5060fc69ab7e70566499f58806e"}
}
