TN:
SF:/Users/ethanchou/ReactNative/React-Native-Workshop/Lecture-3/source-code-final/TodoListApp/App.js
FN:7,(anonymous_0)
FN:15,(anonymous_1)
FN:23,(anonymous_2)
FN:32,(anonymous_3)
FN:34,(anonymous_4)
FN:38,(anonymous_5)
FN:45,(anonymous_6)
FN:50,(anonymous_7)
FN:51,(anonymous_8)
FNF:9
FNH:6
FNDA:2,(anonymous_0)
FNDA:1,(anonymous_1)
FNDA:0,(anonymous_2)
FNDA:0,(anonymous_3)
FNDA:0,(anonymous_4)
FNDA:4,(anonymous_5)
FNDA:2,(anonymous_6)
FNDA:4,(anonymous_7)
FNDA:4,(anonymous_8)
DA:8,2
DA:9,2
DA:16,1
DA:17,1
DA:18,1
DA:24,0
DA:26,0
DA:33,0
DA:34,0
DA:39,4
DA:46,2
DA:50,4
DA:51,4
DA:71,1
LF:14
LH:10
BRDA:24,0,0,0
BRDA:24,0,1,0
BRF:2
BRH:0
end_of_record
TN:
SF:/Users/ethanchou/ReactNative/React-Native-Workshop/Lecture-3/source-code-final/TodoListApp/components/ListItem.js
FN:17,(anonymous_0)
FN:25,(anonymous_1)
FN:31,(anonymous_2)
FNF:3
FNH:1
FNDA:0,(anonymous_0)
FNDA:0,(anonymous_1)
FNDA:4,(anonymous_2)
DA:18,0
DA:25,0
DA:32,4
DA:33,4
DA:50,1
LF:5
LH:3
BRDA:39,0,0,0
BRDA:39,0,1,4
BRF:2
BRH:1
end_of_record
