{"/Users/susi/Documents/workspace/React-Native-Workshop/Lecture-4-Network/BrandListApp/App.js": {"path":"/Users/susi/Documents/workspace/React-Native-Workshop/Lecture-4-Network/BrandListApp/App.js","statementMap":{"0":{"start":{"line":13,"column":4},"end":{"line":15,"column":6}},"1":{"start":{"line":19,"column":4},"end":{"line":27,"column":6}},"2":{"start":{"line":23,"column":33},"end":{"line":23,"column":57}},"3":{"start":{"line":24,"column":32},"end":{"line":24,"column":41}},"4":{"start":{"line":31,"column":15},"end":{"line":41,"column":2}}},"fnMap":{"0":{"name":"(anonymous_0)","decl":{"start":{"line":12,"column":15},"end":{"line":12,"column":16}},"loc":{"start":{"line":13,"column":4},"end":{"line":15,"column":6}},"line":13},"1":{"name":"(anonymous_1)","decl":{"start":{"line":18,"column":2},"end":{"line":18,"column":3}},"loc":{"start":{"line":18,"column":11},"end":{"line":28,"column":3}},"line":18},"2":{"name":"(anonymous_2)","decl":{"start":{"line":23,"column":22},"end":{"line":23,"column":23}},"loc":{"start":{"line":23,"column":33},"end":{"line":23,"column":57}},"line":23},"3":{"name":"(anonymous_3)","decl":{"start":{"line":24,"column":24},"end":{"line":24,"column":25}},"loc":{"start":{"line":24,"column":32},"end":{"line":24,"column":41}},"line":24}},"branchMap":{},"s":{"0":10,"1":1,"2":10,"3":12,"4":1},"f":{"0":10,"1":1,"2":10,"3":12},"b":{},"_coverageSchema":"332fd63041d2c1bcb487cc26dd0d5f7d97098a6c","hash":"fcb9d7fa586304b9b3dc4328e94e0c9e30ae3e88"}
,"/Users/susi/Documents/workspace/React-Native-Workshop/Lecture-4-Network/BrandListApp/seeds.js": {"path":"/Users/susi/Documents/workspace/React-Native-Workshop/Lecture-4-Network/BrandListApp/seeds.js","statementMap":{"0":{"start":{"line":1,"column":20},"end":{"line":1,"column":22}},"1":{"start":{"line":3,"column":26},"end":{"line":699,"column":1}}},"fnMap":{},"branchMap":{},"s":{"0":1,"1":1},"f":{},"b":{},"_coverageSchema":"332fd63041d2c1bcb487cc26dd0d5f7d97098a6c","hash":"b5b841115e474b4ec68ab6ae6899402f3062ffd4"}
,"/Users/susi/Documents/workspace/React-Native-Workshop/Lecture-4-Network/BrandListApp/components/ListItem.js": {"path":"/Users/susi/Documents/workspace/React-Native-Workshop/Lecture-4-Network/BrandListApp/components/ListItem.js","statementMap":{"0":{"start":{"line":13,"column":4},"end":{"line":25,"column":6}},"1":{"start":{"line":29,"column":15},"end":{"line":59,"column":2}}},"fnMap":{"0":{"name":"(anonymous_0)","decl":{"start":{"line":12,"column":2},"end":{"line":12,"column":3}},"loc":{"start":{"line":12,"column":11},"end":{"line":26,"column":3}},"line":12}},"branchMap":{},"s":{"0":10,"1":1},"f":{"0":10},"b":{},"_coverageSchema":"332fd63041d2c1bcb487cc26dd0d5f7d97098a6c","hash":"a60408e1771558b3a0d84bc60fd956c8dd967975"}
}
