<?xml version="1.0" encoding="UTF-8"?>
<coverage generated="1528960469191" clover="3.2.0">
  <project timestamp="1528960469191" name="All files">
    <metrics statements="9" coveredstatements="9" conditionals="0" coveredconditionals="0" methods="5" coveredmethods="5" elements="14" coveredelements="14" complexity="0" loc="9" ncloc="9" packages="2" files="3" classes="3">
      <package name="BrandListApp">
        <metrics statements="7" coveredstatements="7" conditionals="0" coveredconditionals="0" methods="4" coveredmethods="4"/>
        <file name="App.js" path="/Users/susi/Documents/workspace/React-Native-Workshop/Lecture-4-Network/BrandListApp/App.js">
          <metrics statements="5" coveredstatements="5" conditionals="0" coveredconditionals="0" methods="4" coveredmethods="4"/>
          <line num="13" count="10" type="stmt"/>
          <line num="19" count="1" type="stmt"/>
          <line num="23" count="10" type="stmt"/>
          <line num="24" count="12" type="stmt"/>
          <line num="31" count="1" type="stmt"/>
        </file>
        <file name="seeds.js" path="/Users/susi/Documents/workspace/React-Native-Workshop/Lecture-4-Network/BrandListApp/seeds.js">
          <metrics statements="2" coveredstatements="2" conditionals="0" coveredconditionals="0" methods="0" coveredmethods="0"/>
          <line num="1" count="1" type="stmt"/>
          <line num="3" count="1" type="stmt"/>
        </file>
      </package>
      <package name="BrandListApp.components">
        <metrics statements="2" coveredstatements="2" conditionals="0" coveredconditionals="0" methods="1" coveredmethods="1"/>
        <file name="ListItem.js" path="/Users/susi/Documents/workspace/React-Native-Workshop/Lecture-4-Network/BrandListApp/components/ListItem.js">
          <metrics statements="2" coveredstatements="2" conditionals="0" coveredconditionals="0" methods="1" coveredmethods="1"/>
          <line num="13" count="10" type="stmt"/>
          <line num="29" count="1" type="stmt"/>
        </file>
      </package>
    </metrics>
  </project>
</coverage>
